<?xml version="1.0" encoding="UTF-8"?>
<testsuite xmlns:xsi="http://www.w3.org/2001/XMLSchema-instance" xsi:noNamespaceSchemaLocation="https://maven.apache.org/surefire/maven-surefire-plugin/xsd/surefire-test-report-3.0.xsd" version="3.0" name="arrays_hashing_test.IsAnagramTest" time="0.065" tests="6" errors="0" skipped="0" failures="0">
  <properties>
    <property name="java.specification.version" value="21"/>
    <property name="sun.cpu.isalist" value="amd64"/>
    <property name="sun.jnu.encoding" value="Cp1252"/>
    <property name="java.class.path" value="C:\Users\lapiz\eclipse-workspaces\Neet Code\target\test-classes;C:\Users\lapiz\eclipse-workspaces\Neet Code\target\classes;C:\Users\lapiz\.m2\repository\org\junit\jupiter\junit-jupiter-api\5.10.3\junit-jupiter-api-5.10.3.jar;C:\Users\lapiz\.m2\repository\org\opentest4j\opentest4j\1.3.0\opentest4j-1.3.0.jar;C:\Users\lapiz\.m2\repository\org\junit\platform\junit-platform-commons\1.10.3\junit-platform-commons-1.10.3.jar;C:\Users\lapiz\.m2\repository\org\apiguardian\apiguardian-api\1.1.2\apiguardian-api-1.1.2.jar;C:\Users\lapiz\.m2\repository\net\datafaker\datafaker\2.4.2\datafaker-2.4.2.jar;C:\Users\lapiz\.m2\repository\org\yaml\snakeyaml\2.3\snakeyaml-2.3.jar;C:\Users\lapiz\.m2\repository\com\github\curious-odd-man\rgxgen\2.0\rgxgen-2.0.jar;C:\Users\lapiz\.m2\repository\com\googlecode\libphonenumber\libphonenumber\8.13.50\libphonenumber-8.13.50.jar;C:\Users\lapiz\.m2\repository\ch\qos\logback\logback-classic\1.5.12\logback-classic-1.5.12.jar;C:\Users\lapiz\.m2\repository\ch\qos\logback\logback-core\1.5.12\logback-core-1.5.12.jar;C:\Users\lapiz\.m2\repository\org\slf4j\slf4j-api\2.0.15\slf4j-api-2.0.15.jar;C:\Users\lapiz\.m2\repository\org\jbehave\jbehave-core\5.2.0\jbehave-core-5.2.0.jar;C:\Users\lapiz\.m2\repository\org\junit\platform\junit-platform-launcher\1.10.0\junit-platform-launcher-1.10.0.jar;C:\Users\lapiz\.m2\repository\org\junit\platform\junit-platform-engine\1.10.0\junit-platform-engine-1.10.0.jar;C:\Users\lapiz\.m2\repository\org\junit\jupiter\junit-jupiter\5.10.0\junit-jupiter-5.10.0.jar;C:\Users\lapiz\.m2\repository\org\junit\jupiter\junit-jupiter-params\5.10.0\junit-jupiter-params-5.10.0.jar;C:\Users\lapiz\.m2\repository\org\junit\jupiter\junit-jupiter-engine\5.10.0\junit-jupiter-engine-5.10.0.jar;C:\Users\lapiz\.m2\repository\org\junit\vintage\junit-vintage-engine\5.10.0\junit-vintage-engine-5.10.0.jar;C:\Users\lapiz\.m2\repository\junit\junit\4.13.2\junit-4.13.2.jar;C:\Users\lapiz\.m2\repository\org\hamcrest\hamcrest-core\1.3\hamcrest-core-1.3.jar;C:\Users\lapiz\.m2\repository\commons-io\commons-io\2.13.0\commons-io-2.13.0.jar;C:\Users\lapiz\.m2\repository\org\apache\commons\commons-lang3\3.13.0\commons-lang3-3.13.0.jar;C:\Users\lapiz\.m2\repository\org\apache\commons\commons-text\1.10.0\commons-text-1.10.0.jar;C:\Users\lapiz\.m2\repository\org\codehaus\plexus\plexus-utils\4.0.0\plexus-utils-4.0.0.jar;C:\Users\lapiz\.m2\repository\org\freemarker\freemarker\2.3.32\freemarker-2.3.32.jar;C:\Users\lapiz\.m2\repository\com\google\code\gson\gson\2.10.1\gson-2.10.1.jar;C:\Users\lapiz\.m2\repository\com\thoughtworks\paranamer\paranamer\2.8\paranamer-2.8.jar;C:\Users\lapiz\.m2\repository\org\apache\jmeter\ApacheJMeter_core\5.6.3\ApacheJMeter_core-5.6.3.jar;C:\Users\lapiz\.m2\repository\org\apache\jmeter\ApacheJMeter\5.6.3\ApacheJMeter-5.6.3.jar;C:\Users\lapiz\.m2\repository\org\apache\jmeter\jorphan\5.6.3\jorphan-5.6.3.jar;C:\Users\lapiz\.m2\repository\bsf\bsf\2.4.0\bsf-2.4.0.jar;C:\Users\lapiz\.m2\repository\commons-logging\commons-logging\1.0.4\commons-logging-1.0.4.jar;C:\Users\lapiz\.m2\repository\com\fifesoft\rsyntaxtextarea\3.3.4\rsyntaxtextarea-3.3.4.jar;C:\Users\lapiz\.m2\repository\net\sf\jtidy\jtidy\r938\jtidy-r938.jar;C:\Users\lapiz\.m2\repository\com\thoughtworks\xstream\xstream\1.4.20\xstream-1.4.20.jar;C:\Users\lapiz\.m2\repository\io\github\x-stream\mxparser\1.2.2\mxparser-1.2.2.jar;C:\Users\lapiz\.m2\repository\xmlpull\xmlpull\1.1.3.1\xmlpull-1.1.3.1.jar;C:\Users\lapiz\.m2\repository\org\apache\logging\log4j\log4j-1.2-api\2.22.1\log4j-1.2-api-2.22.1.jar;C:\Users\lapiz\.m2\repository\org\apache\logging\log4j\log4j-api\2.22.1\log4j-api-2.22.1.jar;C:\Users\lapiz\.m2\repository\org\apache\logging\log4j\log4j-core\2.22.1\log4j-core-2.22.1.jar;C:\Users\lapiz\.m2\repository\org\apache\logging\log4j\log4j-slf4j-impl\2.22.1\log4j-slf4j-impl-2.22.1.jar;C:\Users\lapiz\.m2\repository\oro\oro\2.0.8\oro-2.0.8.jar;C:\Users\lapiz\.m2\repository\xalan\xalan\2.7.3\xalan-2.7.3.jar;C:\Users\lapiz\.m2\repository\xalan\serializer\2.7.3\serializer-2.7.3.jar;C:\Users\lapiz\.m2\repository\xml-apis\xml-apis\1.4.01\xml-apis-1.4.01.jar;C:\Users\lapiz\.m2\repository\net\sf\saxon\Saxon-HE\11.6\Saxon-HE-11.6.jar;C:\Users\lapiz\.m2\repository\org\xmlresolver\xmlresolver\5.2.1\xmlresolver-5.2.1.jar;C:\Users\lapiz\.m2\repository\org\apache\httpcomponents\client5\httpclient5\5.1.3\httpclient5-5.1.3.jar;C:\Users\lapiz\.m2\repository\org\apache\httpcomponents\core5\httpcore5-h2\5.1.3\httpcore5-h2-5.1.3.jar;C:\Users\lapiz\.m2\repository\org\apache\httpcomponents\core5\httpcore5\5.1.3\httpcore5-5.1.3.jar;C:\Users\lapiz\.m2\repository\org\xmlresolver\xmlresolver\5.2.1\xmlresolver-5.2.1-data.jar;C:\Users\lapiz\.m2\repository\org\jetbrains\kotlin\kotlin-stdlib\1.9.22\kotlin-stdlib-1.9.22.jar;C:\Users\lapiz\.m2\repository\org\jetbrains\annotations\13.0\annotations-13.0.jar;C:\Users\lapiz\.m2\repository\com\google\auto\service\auto-service-annotations\1.1.1\auto-service-annotations-1.1.1.jar;C:\Users\lapiz\.m2\repository\org\jetbrains\kotlinx\kotlinx-coroutines-core\1.7.3\kotlinx-coroutines-core-1.7.3.jar;C:\Users\lapiz\.m2\repository\org\jetbrains\kotlinx\kotlinx-coroutines-core-jvm\1.7.3\kotlinx-coroutines-core-jvm-1.7.3.jar;C:\Users\lapiz\.m2\repository\org\jetbrains\kotlin\kotlin-stdlib-common\1.8.20\kotlin-stdlib-common-1.8.20.jar;C:\Users\lapiz\.m2\repository\org\jetbrains\kotlinx\kotlinx-coroutines-swing\1.7.3\kotlinx-coroutines-swing-1.7.3.jar;C:\Users\lapiz\.m2\repository\org\jetbrains\kotlin\kotlin-stdlib-jdk8\1.8.20\kotlin-stdlib-jdk8-1.8.20.jar;C:\Users\lapiz\.m2\repository\org\jetbrains\kotlin\kotlin-stdlib-jdk7\1.8.20\kotlin-stdlib-jdk7-1.8.20.jar;C:\Users\lapiz\.m2\repository\com\fasterxml\jackson\core\jackson-annotations\2.16.1\jackson-annotations-2.16.1.jar;C:\Users\lapiz\.m2\repository\com\fasterxml\jackson\core\jackson-core\2.16.1\jackson-core-2.16.1.jar;C:\Users\lapiz\.m2\repository\com\fasterxml\jackson\core\jackson-databind\2.16.1\jackson-databind-2.16.1.jar;C:\Users\lapiz\.m2\repository\com\formdev\svgSalamander\1.1.4\svgSalamander-1.1.4.jar;C:\Users\lapiz\.m2\repository\com\github\ben-manes\caffeine\caffeine\2.9.3\caffeine-2.9.3.jar;C:\Users\lapiz\.m2\repository\org\checkerframework\checker-qual\3.19.0\checker-qual-3.19.0.jar;C:\Users\lapiz\.m2\repository\com\google\errorprone\error_prone_annotations\2.10.0\error_prone_annotations-2.10.0.jar;C:\Users\lapiz\.m2\repository\com\github\weisj\darklaf-core\2.7.3\darklaf-core-2.7.3.jar;C:\Users\lapiz\.m2\repository\com\github\weisj\darklaf-utils\2.7.3\darklaf-utils-2.7.3.jar;C:\Users\lapiz\.m2\repository\com\github\weisj\darklaf-native-utils\2.7.3\darklaf-native-utils-2.7.3.jar;C:\Users\lapiz\.m2\repository\com\github\weisj\darklaf-platform-base\2.7.3\darklaf-platform-base-2.7.3.jar;C:\Users\lapiz\.m2\repository\com\github\weisj\darklaf-windows\2.7.3\darklaf-windows-2.7.3.jar;C:\Users\lapiz\.m2\repository\com\github\weisj\darklaf-macos\2.7.3\darklaf-macos-2.7.3.jar;C:\Users\lapiz\.m2\repository\com\github\weisj\swing-extensions-laf-support\0.1.3\swing-extensions-laf-support-0.1.3.jar;C:\Users\lapiz\.m2\repository\com\github\weisj\darklaf-theme\2.7.3\darklaf-theme-2.7.3.jar;C:\Users\lapiz\.m2\repository\com\github\weisj\darklaf-property-loader\2.7.3\darklaf-property-loader-2.7.3.jar;C:\Users\lapiz\.m2\repository\com\github\weisj\swing-extensions-visual-padding\0.1.3\swing-extensions-visual-padding-0.1.3.jar;C:\Users\lapiz\.m2\repository\com\github\weisj\darklaf-extensions-rsyntaxarea\0.3.4\darklaf-extensions-rsyntaxarea-0.3.4.jar;C:\Users\lapiz\.m2\repository\com\miglayout\miglayout-swing\5.3\miglayout-swing-5.3.jar;C:\Users\lapiz\.m2\repository\com\miglayout\miglayout-core\5.3\miglayout-core-5.3.jar;C:\Users\lapiz\.m2\repository\commons-codec\commons-codec\1.16.0\commons-codec-1.16.0.jar;C:\Users\lapiz\.m2\repository\org\jetbrains\lets-plot\lets-plot-batik\4.1.0\lets-plot-batik-4.1.0.jar;C:\Users\lapiz\.m2\repository\org\jetbrains\lets-plot\lets-plot-common\4.1.0\lets-plot-common-4.1.0.jar;C:\Users\lapiz\.m2\repository\io\github\microutils\kotlin-logging\2.0.5\kotlin-logging-2.0.5.jar;C:\Users\lapiz\.m2\repository\org\jetbrains\lets-plot\platf-awt-jvm\4.1.0\platf-awt-jvm-4.1.0.jar;C:\Users\lapiz\.m2\repository\org\jetbrains\lets-plot\platf-batik-jvm\4.1.0\platf-batik-jvm-4.1.0.jar;C:\Users\lapiz\.m2\repository\org\apache\xmlgraphics\batik-codec\1.16\batik-codec-1.16.jar;C:\Users\lapiz\.m2\repository\org\apache\xmlgraphics\batik-awt-util\1.16\batik-awt-util-1.16.jar;C:\Users\lapiz\.m2\repository\org\apache\xmlgraphics\batik-bridge\1.16\batik-bridge-1.16.jar;C:\Users\lapiz\.m2\repository\org\apache\xmlgraphics\batik-anim\1.16\batik-anim-1.16.jar;C:\Users\lapiz\.m2\repository\org\apache\xmlgraphics\batik-ext\1.16\batik-ext-1.16.jar;C:\Users\lapiz\.m2\repository\org\apache\xmlgraphics\batik-css\1.16\batik-css-1.16.jar;C:\Users\lapiz\.m2\repository\org\apache\xmlgraphics\batik-dom\1.16\batik-dom-1.16.jar;C:\Users\lapiz\.m2\repository\org\apache\xmlgraphics\batik-gvt\1.16\batik-gvt-1.16.jar;C:\Users\lapiz\.m2\repository\org\apache\xmlgraphics\batik-parser\1.16\batik-parser-1.16.jar;C:\Users\lapiz\.m2\repository\org\apache\xmlgraphics\batik-script\1.16\batik-script-1.16.jar;C:\Users\lapiz\.m2\repository\org\apache\xmlgraphics\batik-svg-dom\1.16\batik-svg-dom-1.16.jar;C:\Users\lapiz\.m2\repository\org\apache\xmlgraphics\batik-xml\1.16\batik-xml-1.16.jar;C:\Users\lapiz\.m2\repository\xml-apis\xml-apis-ext\1.3.04\xml-apis-ext-1.3.04.jar;C:\Users\lapiz\.m2\repository\org\apache\xmlgraphics\batik-shared-resources\1.16\batik-shared-resources-1.16.jar;C:\Users\lapiz\.m2\repository\org\apache\xmlgraphics\batik-transcoder\1.16\batik-transcoder-1.16.jar;C:\Users\lapiz\.m2\repository\org\apache\xmlgraphics\batik-svggen\1.16\batik-svggen-1.16.jar;C:\Users\lapiz\.m2\repository\org\apache\xmlgraphics\batik-util\1.16\batik-util-1.16.jar;C:\Users\lapiz\.m2\repository\org\apache\xmlgraphics\batik-constants\1.16\batik-constants-1.16.jar;C:\Users\lapiz\.m2\repository\org\apache\xmlgraphics\batik-i18n\1.16\batik-i18n-1.16.jar;C:\Users\lapiz\.m2\repository\org\jetbrains\lets-plot\lets-plot-kotlin-jvm\4.5.0\lets-plot-kotlin-jvm-4.5.0.jar;C:\Users\lapiz\.m2\repository\org\jetbrains\lets-plot\commons-jvm\4.1.0\commons-jvm-4.1.0.jar;C:\Users\lapiz\.m2\repository\org\jetbrains\lets-plot\datamodel-jvm\4.1.0\datamodel-jvm-4.1.0.jar;C:\Users\lapiz\.m2\repository\org\jetbrains\lets-plot\plot-base-jvm\4.1.0\plot-base-jvm-4.1.0.jar;C:\Users\lapiz\.m2\repository\org\jetbrains\lets-plot\plot-builder-jvm\4.1.0\plot-builder-jvm-4.1.0.jar;C:\Users\lapiz\.m2\repository\org\jetbrains\lets-plot\plot-stem-jvm\4.1.0\plot-stem-jvm-4.1.0.jar;C:\Users\lapiz\.m2\repository\org\jetbrains\lets-plot\deprecated-in-v4-jvm\4.1.0\deprecated-in-v4-jvm-4.1.0.jar;C:\Users\lapiz\.m2\repository\io\github\microutils\kotlin-logging-jvm\2.0.5\kotlin-logging-jvm-2.0.5.jar;C:\Users\lapiz\.m2\repository\org\apache\commons\commons-collections4\4.4\commons-collections4-4.4.jar;C:\Users\lapiz\.m2\repository\org\apache\commons\commons-math3\3.6.1\commons-math3-3.6.1.jar;C:\Users\lapiz\.m2\repository\org\apache\tika\tika-core\1.28.5\tika-core-1.28.5.jar;C:\Users\lapiz\.m2\repository\org\apache\xmlgraphics\xmlgraphics-commons\2.9\xmlgraphics-commons-2.9.jar;C:\Users\lapiz\.m2\repository\org\jodd\jodd-core\5.0.13\jodd-core-5.0.13.jar;C:\Users\lapiz\.m2\repository\org\jodd\jodd-props\5.0.13\jodd-props-5.0.13.jar;C:\Users\lapiz\.m2\repository\org\mozilla\rhino\1.7.14\rhino-1.7.14.jar;C:\Users\lapiz\.m2\repository\org\slf4j\jcl-over-slf4j\1.7.36\jcl-over-slf4j-1.7.36.jar;C:\Users\lapiz\.m2\repository\org\codehaus\groovy\groovy\3.0.20\groovy-3.0.20.jar;C:\Users\lapiz\.m2\repository\org\codehaus\groovy\groovy-dateutil\3.0.20\groovy-dateutil-3.0.20.jar;C:\Users\lapiz\.m2\repository\org\codehaus\groovy\groovy-datetime\3.0.20\groovy-datetime-3.0.20.jar;C:\Users\lapiz\.m2\repository\org\codehaus\groovy\groovy-jmx\3.0.20\groovy-jmx-3.0.20.jar;C:\Users\lapiz\.m2\repository\org\codehaus\groovy\groovy-json\3.0.20\groovy-json-3.0.20.jar;C:\Users\lapiz\.m2\repository\org\codehaus\groovy\groovy-jsr223\3.0.20\groovy-jsr223-3.0.20.jar;C:\Users\lapiz\.m2\repository\org\codehaus\groovy\groovy-sql\3.0.20\groovy-sql-3.0.20.jar;C:\Users\lapiz\.m2\repository\org\codehaus\groovy\groovy-templates\3.0.20\groovy-templates-3.0.20.jar;C:\Users\lapiz\.m2\repository\org\codehaus\groovy\groovy-xml\3.0.20\groovy-xml-3.0.20.jar;C:\Users\lapiz\.m2\repository\commons-collections\commons-collections\3.2.2\commons-collections-3.2.2.jar;C:\Users\lapiz\.m2\repository\org\apache\tika\tika-parsers\1.28.5\tika-parsers-1.28.5.jar;C:\Users\lapiz\.m2\repository\xerces\xercesImpl\2.12.2\xercesImpl-2.12.2.jar;"/>
    <property name="java.vm.vendor" value="BellSoft"/>
    <property name="sun.arch.data.model" value="64"/>
    <property name="user.variant" value=""/>
    <property name="java.vendor.url" value="https://bell-sw.com/"/>
    <property name="user.timezone" value="America/Sao_Paulo"/>
    <property name="os.name" value="Windows 10"/>
    <property name="java.vm.specification.version" value="21"/>
    <property name="sun.java.launcher" value="SUN_STANDARD"/>
    <property name="user.country" value="CA"/>
    <property name="sun.boot.library.path" value="C:\Program Files\BellSoft\LibericaJDK-21-Full\bin"/>
    <property name="sun.java.command" value="C:\Users\lapiz\AppData\Local\Temp\surefire9906817915604263685\surefirebooter-20241224000023370_3.jar C:\Users\lapiz\AppData\Local\Temp\surefire9906817915604263685 2024-12-24T00-00-23_197-jvmRun1 surefire-20241224000023370_1tmp surefire_0-20241224000023370_2tmp"/>
    <property name="jdk.debug" value="release"/>
    <property name="surefire.test.class.path" value="C:\Users\lapiz\eclipse-workspaces\Neet Code\target\test-classes;C:\Users\lapiz\eclipse-workspaces\Neet Code\target\classes;C:\Users\lapiz\.m2\repository\org\junit\jupiter\junit-jupiter-api\5.10.3\junit-jupiter-api-5.10.3.jar;C:\Users\lapiz\.m2\repository\org\opentest4j\opentest4j\1.3.0\opentest4j-1.3.0.jar;C:\Users\lapiz\.m2\repository\org\junit\platform\junit-platform-commons\1.10.3\junit-platform-commons-1.10.3.jar;C:\Users\lapiz\.m2\repository\org\apiguardian\apiguardian-api\1.1.2\apiguardian-api-1.1.2.jar;C:\Users\lapiz\.m2\repository\net\datafaker\datafaker\2.4.2\datafaker-2.4.2.jar;C:\Users\lapiz\.m2\repository\org\yaml\snakeyaml\2.3\snakeyaml-2.3.jar;C:\Users\lapiz\.m2\repository\com\github\curious-odd-man\rgxgen\2.0\rgxgen-2.0.jar;C:\Users\lapiz\.m2\repository\com\googlecode\libphonenumber\libphonenumber\8.13.50\libphonenumber-8.13.50.jar;C:\Users\lapiz\.m2\repository\ch\qos\logback\logback-classic\1.5.12\logback-classic-1.5.12.jar;C:\Users\lapiz\.m2\repository\ch\qos\logback\logback-core\1.5.12\logback-core-1.5.12.jar;C:\Users\lapiz\.m2\repository\org\slf4j\slf4j-api\2.0.15\slf4j-api-2.0.15.jar;C:\Users\lapiz\.m2\repository\org\jbehave\jbehave-core\5.2.0\jbehave-core-5.2.0.jar;C:\Users\lapiz\.m2\repository\org\junit\platform\junit-platform-launcher\1.10.0\junit-platform-launcher-1.10.0.jar;C:\Users\lapiz\.m2\repository\org\junit\platform\junit-platform-engine\1.10.0\junit-platform-engine-1.10.0.jar;C:\Users\lapiz\.m2\repository\org\junit\jupiter\junit-jupiter\5.10.0\junit-jupiter-5.10.0.jar;C:\Users\lapiz\.m2\repository\org\junit\jupiter\junit-jupiter-params\5.10.0\junit-jupiter-params-5.10.0.jar;C:\Users\lapiz\.m2\repository\org\junit\jupiter\junit-jupiter-engine\5.10.0\junit-jupiter-engine-5.10.0.jar;C:\Users\lapiz\.m2\repository\org\junit\vintage\junit-vintage-engine\5.10.0\junit-vintage-engine-5.10.0.jar;C:\Users\lapiz\.m2\repository\junit\junit\4.13.2\junit-4.13.2.jar;C:\Users\lapiz\.m2\repository\org\hamcrest\hamcrest-core\1.3\hamcrest-core-1.3.jar;C:\Users\lapiz\.m2\repository\commons-io\commons-io\2.13.0\commons-io-2.13.0.jar;C:\Users\lapiz\.m2\repository\org\apache\commons\commons-lang3\3.13.0\commons-lang3-3.13.0.jar;C:\Users\lapiz\.m2\repository\org\apache\commons\commons-text\1.10.0\commons-text-1.10.0.jar;C:\Users\lapiz\.m2\repository\org\codehaus\plexus\plexus-utils\4.0.0\plexus-utils-4.0.0.jar;C:\Users\lapiz\.m2\repository\org\freemarker\freemarker\2.3.32\freemarker-2.3.32.jar;C:\Users\lapiz\.m2\repository\com\google\code\gson\gson\2.10.1\gson-2.10.1.jar;C:\Users\lapiz\.m2\repository\com\thoughtworks\paranamer\paranamer\2.8\paranamer-2.8.jar;C:\Users\lapiz\.m2\repository\org\apache\jmeter\ApacheJMeter_core\5.6.3\ApacheJMeter_core-5.6.3.jar;C:\Users\lapiz\.m2\repository\org\apache\jmeter\ApacheJMeter\5.6.3\ApacheJMeter-5.6.3.jar;C:\Users\lapiz\.m2\repository\org\apache\jmeter\jorphan\5.6.3\jorphan-5.6.3.jar;C:\Users\lapiz\.m2\repository\bsf\bsf\2.4.0\bsf-2.4.0.jar;C:\Users\lapiz\.m2\repository\commons-logging\commons-logging\1.0.4\commons-logging-1.0.4.jar;C:\Users\lapiz\.m2\repository\com\fifesoft\rsyntaxtextarea\3.3.4\rsyntaxtextarea-3.3.4.jar;C:\Users\lapiz\.m2\repository\net\sf\jtidy\jtidy\r938\jtidy-r938.jar;C:\Users\lapiz\.m2\repository\com\thoughtworks\xstream\xstream\1.4.20\xstream-1.4.20.jar;C:\Users\lapiz\.m2\repository\io\github\x-stream\mxparser\1.2.2\mxparser-1.2.2.jar;C:\Users\lapiz\.m2\repository\xmlpull\xmlpull\1.1.3.1\xmlpull-1.1.3.1.jar;C:\Users\lapiz\.m2\repository\org\apache\logging\log4j\log4j-1.2-api\2.22.1\log4j-1.2-api-2.22.1.jar;C:\Users\lapiz\.m2\repository\org\apache\logging\log4j\log4j-api\2.22.1\log4j-api-2.22.1.jar;C:\Users\lapiz\.m2\repository\org\apache\logging\log4j\log4j-core\2.22.1\log4j-core-2.22.1.jar;C:\Users\lapiz\.m2\repository\org\apache\logging\log4j\log4j-slf4j-impl\2.22.1\log4j-slf4j-impl-2.22.1.jar;C:\Users\lapiz\.m2\repository\oro\oro\2.0.8\oro-2.0.8.jar;C:\Users\lapiz\.m2\repository\xalan\xalan\2.7.3\xalan-2.7.3.jar;C:\Users\lapiz\.m2\repository\xalan\serializer\2.7.3\serializer-2.7.3.jar;C:\Users\lapiz\.m2\repository\xml-apis\xml-apis\1.4.01\xml-apis-1.4.01.jar;C:\Users\lapiz\.m2\repository\net\sf\saxon\Saxon-HE\11.6\Saxon-HE-11.6.jar;C:\Users\lapiz\.m2\repository\org\xmlresolver\xmlresolver\5.2.1\xmlresolver-5.2.1.jar;C:\Users\lapiz\.m2\repository\org\apache\httpcomponents\client5\httpclient5\5.1.3\httpclient5-5.1.3.jar;C:\Users\lapiz\.m2\repository\org\apache\httpcomponents\core5\httpcore5-h2\5.1.3\httpcore5-h2-5.1.3.jar;C:\Users\lapiz\.m2\repository\org\apache\httpcomponents\core5\httpcore5\5.1.3\httpcore5-5.1.3.jar;C:\Users\lapiz\.m2\repository\org\xmlresolver\xmlresolver\5.2.1\xmlresolver-5.2.1-data.jar;C:\Users\lapiz\.m2\repository\org\jetbrains\kotlin\kotlin-stdlib\1.9.22\kotlin-stdlib-1.9.22.jar;C:\Users\lapiz\.m2\repository\org\jetbrains\annotations\13.0\annotations-13.0.jar;C:\Users\lapiz\.m2\repository\com\google\auto\service\auto-service-annotations\1.1.1\auto-service-annotations-1.1.1.jar;C:\Users\lapiz\.m2\repository\org\jetbrains\kotlinx\kotlinx-coroutines-core\1.7.3\kotlinx-coroutines-core-1.7.3.jar;C:\Users\lapiz\.m2\repository\org\jetbrains\kotlinx\kotlinx-coroutines-core-jvm\1.7.3\kotlinx-coroutines-core-jvm-1.7.3.jar;C:\Users\lapiz\.m2\repository\org\jetbrains\kotlin\kotlin-stdlib-common\1.8.20\kotlin-stdlib-common-1.8.20.jar;C:\Users\lapiz\.m2\repository\org\jetbrains\kotlinx\kotlinx-coroutines-swing\1.7.3\kotlinx-coroutines-swing-1.7.3.jar;C:\Users\lapiz\.m2\repository\org\jetbrains\kotlin\kotlin-stdlib-jdk8\1.8.20\kotlin-stdlib-jdk8-1.8.20.jar;C:\Users\lapiz\.m2\repository\org\jetbrains\kotlin\kotlin-stdlib-jdk7\1.8.20\kotlin-stdlib-jdk7-1.8.20.jar;C:\Users\lapiz\.m2\repository\com\fasterxml\jackson\core\jackson-annotations\2.16.1\jackson-annotations-2.16.1.jar;C:\Users\lapiz\.m2\repository\com\fasterxml\jackson\core\jackson-core\2.16.1\jackson-core-2.16.1.jar;C:\Users\lapiz\.m2\repository\com\fasterxml\jackson\core\jackson-databind\2.16.1\jackson-databind-2.16.1.jar;C:\Users\lapiz\.m2\repository\com\formdev\svgSalamander\1.1.4\svgSalamander-1.1.4.jar;C:\Users\lapiz\.m2\repository\com\github\ben-manes\caffeine\caffeine\2.9.3\caffeine-2.9.3.jar;C:\Users\lapiz\.m2\repository\org\checkerframework\checker-qual\3.19.0\checker-qual-3.19.0.jar;C:\Users\lapiz\.m2\repository\com\google\errorprone\error_prone_annotations\2.10.0\error_prone_annotations-2.10.0.jar;C:\Users\lapiz\.m2\repository\com\github\weisj\darklaf-core\2.7.3\darklaf-core-2.7.3.jar;C:\Users\lapiz\.m2\repository\com\github\weisj\darklaf-utils\2.7.3\darklaf-utils-2.7.3.jar;C:\Users\lapiz\.m2\repository\com\github\weisj\darklaf-native-utils\2.7.3\darklaf-native-utils-2.7.3.jar;C:\Users\lapiz\.m2\repository\com\github\weisj\darklaf-platform-base\2.7.3\darklaf-platform-base-2.7.3.jar;C:\Users\lapiz\.m2\repository\com\github\weisj\darklaf-windows\2.7.3\darklaf-windows-2.7.3.jar;C:\Users\lapiz\.m2\repository\com\github\weisj\darklaf-macos\2.7.3\darklaf-macos-2.7.3.jar;C:\Users\lapiz\.m2\repository\com\github\weisj\swing-extensions-laf-support\0.1.3\swing-extensions-laf-support-0.1.3.jar;C:\Users\lapiz\.m2\repository\com\github\weisj\darklaf-theme\2.7.3\darklaf-theme-2.7.3.jar;C:\Users\lapiz\.m2\repository\com\github\weisj\darklaf-property-loader\2.7.3\darklaf-property-loader-2.7.3.jar;C:\Users\lapiz\.m2\repository\com\github\weisj\swing-extensions-visual-padding\0.1.3\swing-extensions-visual-padding-0.1.3.jar;C:\Users\lapiz\.m2\repository\com\github\weisj\darklaf-extensions-rsyntaxarea\0.3.4\darklaf-extensions-rsyntaxarea-0.3.4.jar;C:\Users\lapiz\.m2\repository\com\miglayout\miglayout-swing\5.3\miglayout-swing-5.3.jar;C:\Users\lapiz\.m2\repository\com\miglayout\miglayout-core\5.3\miglayout-core-5.3.jar;C:\Users\lapiz\.m2\repository\commons-codec\commons-codec\1.16.0\commons-codec-1.16.0.jar;C:\Users\lapiz\.m2\repository\org\jetbrains\lets-plot\lets-plot-batik\4.1.0\lets-plot-batik-4.1.0.jar;C:\Users\lapiz\.m2\repository\org\jetbrains\lets-plot\lets-plot-common\4.1.0\lets-plot-common-4.1.0.jar;C:\Users\lapiz\.m2\repository\io\github\microutils\kotlin-logging\2.0.5\kotlin-logging-2.0.5.jar;C:\Users\lapiz\.m2\repository\org\jetbrains\lets-plot\platf-awt-jvm\4.1.0\platf-awt-jvm-4.1.0.jar;C:\Users\lapiz\.m2\repository\org\jetbrains\lets-plot\platf-batik-jvm\4.1.0\platf-batik-jvm-4.1.0.jar;C:\Users\lapiz\.m2\repository\org\apache\xmlgraphics\batik-codec\1.16\batik-codec-1.16.jar;C:\Users\lapiz\.m2\repository\org\apache\xmlgraphics\batik-awt-util\1.16\batik-awt-util-1.16.jar;C:\Users\lapiz\.m2\repository\org\apache\xmlgraphics\batik-bridge\1.16\batik-bridge-1.16.jar;C:\Users\lapiz\.m2\repository\org\apache\xmlgraphics\batik-anim\1.16\batik-anim-1.16.jar;C:\Users\lapiz\.m2\repository\org\apache\xmlgraphics\batik-ext\1.16\batik-ext-1.16.jar;C:\Users\lapiz\.m2\repository\org\apache\xmlgraphics\batik-css\1.16\batik-css-1.16.jar;C:\Users\lapiz\.m2\repository\org\apache\xmlgraphics\batik-dom\1.16\batik-dom-1.16.jar;C:\Users\lapiz\.m2\repository\org\apache\xmlgraphics\batik-gvt\1.16\batik-gvt-1.16.jar;C:\Users\lapiz\.m2\repository\org\apache\xmlgraphics\batik-parser\1.16\batik-parser-1.16.jar;C:\Users\lapiz\.m2\repository\org\apache\xmlgraphics\batik-script\1.16\batik-script-1.16.jar;C:\Users\lapiz\.m2\repository\org\apache\xmlgraphics\batik-svg-dom\1.16\batik-svg-dom-1.16.jar;C:\Users\lapiz\.m2\repository\org\apache\xmlgraphics\batik-xml\1.16\batik-xml-1.16.jar;C:\Users\lapiz\.m2\repository\xml-apis\xml-apis-ext\1.3.04\xml-apis-ext-1.3.04.jar;C:\Users\lapiz\.m2\repository\org\apache\xmlgraphics\batik-shared-resources\1.16\batik-shared-resources-1.16.jar;C:\Users\lapiz\.m2\repository\org\apache\xmlgraphics\batik-transcoder\1.16\batik-transcoder-1.16.jar;C:\Users\lapiz\.m2\repository\org\apache\xmlgraphics\batik-svggen\1.16\batik-svggen-1.16.jar;C:\Users\lapiz\.m2\repository\org\apache\xmlgraphics\batik-util\1.16\batik-util-1.16.jar;C:\Users\lapiz\.m2\repository\org\apache\xmlgraphics\batik-constants\1.16\batik-constants-1.16.jar;C:\Users\lapiz\.m2\repository\org\apache\xmlgraphics\batik-i18n\1.16\batik-i18n-1.16.jar;C:\Users\lapiz\.m2\repository\org\jetbrains\lets-plot\lets-plot-kotlin-jvm\4.5.0\lets-plot-kotlin-jvm-4.5.0.jar;C:\Users\lapiz\.m2\repository\org\jetbrains\lets-plot\commons-jvm\4.1.0\commons-jvm-4.1.0.jar;C:\Users\lapiz\.m2\repository\org\jetbrains\lets-plot\datamodel-jvm\4.1.0\datamodel-jvm-4.1.0.jar;C:\Users\lapiz\.m2\repository\org\jetbrains\lets-plot\plot-base-jvm\4.1.0\plot-base-jvm-4.1.0.jar;C:\Users\lapiz\.m2\repository\org\jetbrains\lets-plot\plot-builder-jvm\4.1.0\plot-builder-jvm-4.1.0.jar;C:\Users\lapiz\.m2\repository\org\jetbrains\lets-plot\plot-stem-jvm\4.1.0\plot-stem-jvm-4.1.0.jar;C:\Users\lapiz\.m2\repository\org\jetbrains\lets-plot\deprecated-in-v4-jvm\4.1.0\deprecated-in-v4-jvm-4.1.0.jar;C:\Users\lapiz\.m2\repository\io\github\microutils\kotlin-logging-jvm\2.0.5\kotlin-logging-jvm-2.0.5.jar;C:\Users\lapiz\.m2\repository\org\apache\commons\commons-collections4\4.4\commons-collections4-4.4.jar;C:\Users\lapiz\.m2\repository\org\apache\commons\commons-math3\3.6.1\commons-math3-3.6.1.jar;C:\Users\lapiz\.m2\repository\org\apache\tika\tika-core\1.28.5\tika-core-1.28.5.jar;C:\Users\lapiz\.m2\repository\org\apache\xmlgraphics\xmlgraphics-commons\2.9\xmlgraphics-commons-2.9.jar;C:\Users\lapiz\.m2\repository\org\jodd\jodd-core\5.0.13\jodd-core-5.0.13.jar;C:\Users\lapiz\.m2\repository\org\jodd\jodd-props\5.0.13\jodd-props-5.0.13.jar;C:\Users\lapiz\.m2\repository\org\mozilla\rhino\1.7.14\rhino-1.7.14.jar;C:\Users\lapiz\.m2\repository\org\slf4j\jcl-over-slf4j\1.7.36\jcl-over-slf4j-1.7.36.jar;C:\Users\lapiz\.m2\repository\org\codehaus\groovy\groovy\3.0.20\groovy-3.0.20.jar;C:\Users\lapiz\.m2\repository\org\codehaus\groovy\groovy-dateutil\3.0.20\groovy-dateutil-3.0.20.jar;C:\Users\lapiz\.m2\repository\org\codehaus\groovy\groovy-datetime\3.0.20\groovy-datetime-3.0.20.jar;C:\Users\lapiz\.m2\repository\org\codehaus\groovy\groovy-jmx\3.0.20\groovy-jmx-3.0.20.jar;C:\Users\lapiz\.m2\repository\org\codehaus\groovy\groovy-json\3.0.20\groovy-json-3.0.20.jar;C:\Users\lapiz\.m2\repository\org\codehaus\groovy\groovy-jsr223\3.0.20\groovy-jsr223-3.0.20.jar;C:\Users\lapiz\.m2\repository\org\codehaus\groovy\groovy-sql\3.0.20\groovy-sql-3.0.20.jar;C:\Users\lapiz\.m2\repository\org\codehaus\groovy\groovy-templates\3.0.20\groovy-templates-3.0.20.jar;C:\Users\lapiz\.m2\repository\org\codehaus\groovy\groovy-xml\3.0.20\groovy-xml-3.0.20.jar;C:\Users\lapiz\.m2\repository\commons-collections\commons-collections\3.2.2\commons-collections-3.2.2.jar;C:\Users\lapiz\.m2\repository\org\apache\tika\tika-parsers\1.28.5\tika-parsers-1.28.5.jar;C:\Users\lapiz\.m2\repository\xerces\xercesImpl\2.12.2\xercesImpl-2.12.2.jar;"/>
    <property name="sun.cpu.endian" value="little"/>
    <property name="user.home" value="C:\Users\lapiz"/>
    <property name="user.language" value="fr"/>
    <property name="java.specification.vendor" value="Oracle Corporation"/>
    <property name="java.version.date" value="2024-10-15"/>
    <property name="java.home" value="C:\Program Files\BellSoft\LibericaJDK-21-Full"/>
    <property name="file.separator" value="\"/>
    <property name="basedir" value="C:\Users\lapiz\eclipse-workspaces\Neet Code"/>
    <property name="style.color" value="always"/>
    <property name="java.vm.compressedOopsMode" value="Zero based"/>
    <property name="line.separator" value="&#10;"/>
    <property name="java.vm.specification.vendor" value="Oracle Corporation"/>
    <property name="java.specification.name" value="Java Platform API Specification"/>
    <property name="surefire.real.class.path" value="C:\Users\lapiz\AppData\Local\Temp\surefire9906817915604263685\surefirebooter-20241224000023370_3.jar"/>
    <property name="user.script" value=""/>
    <property name="sun.management.compiler" value="HotSpot 64-Bit Tiered Compilers"/>
    <property name="java.runtime.version" value="21.0.5+11-LTS"/>
    <property name="user.name" value="lapiz"/>
    <property name="stdout.encoding" value="Cp1252"/>
    <property name="path.separator" value=";"/>
    <property name="os.version" value="10.0"/>
    <property name="java.runtime.name" value="OpenJDK Runtime Environment"/>
    <property name="file.encoding" value="UTF-8"/>
    <property name="java.vm.name" value="OpenJDK 64-Bit Server VM"/>
    <property name="localRepository" value="C:\Users\lapiz\.m2\repository"/>
    <property name="java.vendor.url.bug" value="https://bell-sw.com/support"/>
    <property name="java.io.tmpdir" value="C:\Users\lapiz\AppData\Local\Temp\"/>
    <property name="java.version" value="21.0.5"/>
    <property name="user.dir" value="C:\Users\lapiz\eclipse-workspaces\Neet Code"/>
    <property name="os.arch" value="amd64"/>
    <property name="java.vm.specification.name" value="Java Virtual Machine Specification"/>
    <property name="sun.os.patch.level" value=""/>
    <property name="native.encoding" value="Cp1252"/>
    <property name="java.library.path" value="C:\Program Files\BellSoft\LibericaJDK-21-Full\bin;C:\Windows\Sun\Java\bin;C:\Windows\system32;C:\Windows;C:/Program Files/BellSoft/LibericaJDK-21-Full/bin/server;C:/Program Files/BellSoft/LibericaJDK-21-Full/bin;C:\Program Files (x86)\VMware\VMware Workstation\bin\;C:\Program Files\Python312\Scripts\;C:\Program Files\Python312\;C:\Program Files\BellSoft\LibericaJDK-21-Full\bin\;C:\Windows\system32;C:\Windows;C:\Windows\System32\Wbem;C:\Windows\System32\WindowsPowerShell\v1.0\;C:\Windows\System32\OpenSSH\;C:\Program Files\nodejs\;C:\ProgramData\chocolatey\bin;C:\Program Files\Git\cmd;C:\Program Files\dotnet\;C:\Program Files (x86)\Windows Kits\10\Windows Performance Toolkit\;C:\Users\lapiz\AppData\Local\Microsoft\WindowsApps;C:\Users\lapiz\AppData\Local\Programs\Microsoft VS Code\bin;C:\Users\lapiz\AppData\Roaming\npm;C:\Users\lapiz\AppData\Local\GitHubDesktop\bin;C:\Users\lapiz\.dotnet\tools;C:\Users\lapiz\Desktop;;."/>
    <property name="java.vm.info" value="mixed mode, sharing"/>
    <property name="stderr.encoding" value="Cp1252"/>
    <property name="java.vendor" value="BellSoft"/>
    <property name="java.vm.version" value="21.0.5+11-LTS"/>
    <property name="sun.io.unicode.encoding" value="UnicodeLittle"/>
    <property name="java.class.version" value="65.0"/>
  </properties>
  <testcase name="IsAnagramTestBruteCase1(String, String, boolean)[1]" classname="arrays_hashing_test.IsAnagramTest" time="0.015">
    <system-out><![CDATA[&amp#27;[32mIsAnagramTestBruteCase1 : { Test passed }&amp#27;[0m
Result: true || Expected: true
Runtime: &amp#27;[32m0ms&amp#27;[0m

]]></system-out>
  </testcase>
  <testcase name="IsAnagramTestBruteCase1(String, String, boolean)[2]" classname="arrays_hashing_test.IsAnagramTest" time="0.004">
    <system-out><![CDATA[&amp#27;[32mIsAnagramTestBruteCase1 : { Test passed }&amp#27;[0m
Result: false || Expected: false
Runtime: &amp#27;[32m1ms&amp#27;[0m

]]></system-out>
  </testcase>
  <testcase name="IsAnagramTestHashMapCase2(String, String, boolean)[1]" classname="arrays_hashing_test.IsAnagramTest" time="0.003">
    <system-out><![CDATA[&amp#27;[32mIsAnagramTestHashMapCase2 : { Test passed }&amp#27;[0m
Result: true || Expected: true
Runtime: &amp#27;[32m0ms&amp#27;[0m

]]></system-out>
  </testcase>
  <testcase name="IsAnagramTestHashMapCase2(String, String, boolean)[2]" classname="arrays_hashing_test.IsAnagramTest" time="0.003">
    <system-out><![CDATA[&amp#27;[32mIsAnagramTestHashMapCase2 : { Test passed }&amp#27;[0m
Result: false || Expected: false
Runtime: &amp#27;[32m0ms&amp#27;[0m

]]></system-out>
  </testcase>
  <testcase name="IsAnagramTestFrequencyArrayCase3(String, String, boolean)[1]" classname="arrays_hashing_test.IsAnagramTest" time="0.006">
    <system-out><![CDATA[&amp#27;[32mIsAnagramTestFrequencyArrayCase3 : { Test passed }&amp#27;[0m
Result: true || Expected: true
Runtime: &amp#27;[32m3ms&amp#27;[0m

]]></system-out>
  </testcase>
  <testcase name="IsAnagramTestFrequencyArrayCase3(String, String, boolean)[2]" classname="arrays_hashing_test.IsAnagramTest" time="0.003">
    <system-out><![CDATA[&amp#27;[32mIsAnagramTestFrequencyArrayCase3 : { Test passed }&amp#27;[0m
Result: false || Expected: false
Runtime: &amp#27;[32m0ms&amp#27;[0m

]]></system-out>
  </testcase>
</testsuite>